INFO 2025-06-28 12:44:56,065 autoreload 150494 135575418388608 Watching for file changes with StatReloader
INFO 2025-06-28 12:45:22,548 autoreload 151350 137357187747968 Watching for file changes with StatReloader
INFO 2025-06-28 19:12:36,889 autoreload 412725 124039486238848 Watching for file changes with StatReloader
INFO 2025-06-28 19:23:23,370 autoreload 412725 124039486238848 /home/tnqn/Documents/adaptive-routing-backend/core/settings.py changed, reloading.
INFO 2025-06-28 19:23:25,307 autoreload 419279 135313216536704 Watching for file changes with StatReloader
INFO 2025-06-28 19:23:37,752 autoreload 419482 139667949158528 Watching for file changes with StatReloader
INFO 2025-06-28 19:39:29,773 basehttp 419482 139667597948608 "OPTIONS /api/users/login/ HTTP/1.1" 200 0
INFO 2025-06-28 19:40:08,195 autoreload 419482 139667949158528 /home/tnqn/Documents/adaptive-routing-backend/core/settings.py changed, reloading.
INFO 2025-06-28 19:40:15,613 autoreload 430912 136269654929536 Watching for file changes with StatReloader
INFO 2025-06-28 19:40:22,094 basehttp 430912 136269303641792 "OPTIONS /api/users/login/ HTTP/1.1" 200 0
WARNING 2025-06-28 19:40:22,865 log 430912 136269303641792 Unauthorized: /api/users/login/
WARNING 2025-06-28 19:40:22,865 basehttp 430912 136269303641792 "POST /api/users/login/ HTTP/1.1" 401 63
INFO 2025-06-28 19:41:01,207 basehttp 430912 136269303641792 "OPTIONS /api/users/register/ HTTP/1.1" 200 0
ERROR 2025-06-28 19:41:01,386 log 430912 136269303641792 Internal Server Error: /api/users/register/
Traceback (most recent call last):
  File "/home/tnqn/Documents/adaptive-routing-backend/venv/lib/python3.12/site-packages/django/core/handlers/exception.py", line 55, in inner
    response = get_response(request)
               ^^^^^^^^^^^^^^^^^^^^^
  File "/home/tnqn/Documents/adaptive-routing-backend/venv/lib/python3.12/site-packages/django/core/handlers/base.py", line 197, in _get_response
    response = wrapped_callback(request, *callback_args, **callback_kwargs)
               ^^^^^^^^^^^^^^^^^^^^^^^^^^^^^^^^^^^^^^^^^^^^^^^^^^^^^^^^^^^^
  File "/home/tnqn/Documents/adaptive-routing-backend/venv/lib/python3.12/site-packages/django/views/decorators/csrf.py", line 65, in _view_wrapper
    return view_func(request, *args, **kwargs)
           ^^^^^^^^^^^^^^^^^^^^^^^^^^^^^^^^^^^
  File "/home/tnqn/Documents/adaptive-routing-backend/venv/lib/python3.12/site-packages/django/views/generic/base.py", line 104, in view
    return self.dispatch(request, *args, **kwargs)
           ^^^^^^^^^^^^^^^^^^^^^^^^^^^^^^^^^^^^^^^
  File "/home/tnqn/Documents/adaptive-routing-backend/venv/lib/python3.12/site-packages/rest_framework/views.py", line 509, in dispatch
    response = self.handle_exception(exc)
               ^^^^^^^^^^^^^^^^^^^^^^^^^^
  File "/home/tnqn/Documents/adaptive-routing-backend/venv/lib/python3.12/site-packages/rest_framework/views.py", line 469, in handle_exception
    self.raise_uncaught_exception(exc)
  File "/home/tnqn/Documents/adaptive-routing-backend/venv/lib/python3.12/site-packages/rest_framework/views.py", line 480, in raise_uncaught_exception
    raise exc
  File "/home/tnqn/Documents/adaptive-routing-backend/venv/lib/python3.12/site-packages/rest_framework/views.py", line 506, in dispatch
    response = handler(request, *args, **kwargs)
               ^^^^^^^^^^^^^^^^^^^^^^^^^^^^^^^^^
  File "/home/tnqn/Documents/adaptive-routing-backend/users/views.py", line 23, in post
    user = serializer.save()
           ^^^^^^^^^^^^^^^^^
  File "/home/tnqn/Documents/adaptive-routing-backend/venv/lib/python3.12/site-packages/rest_framework/serializers.py", line 208, in save
    self.instance = self.create(validated_data)
                    ^^^^^^^^^^^^^^^^^^^^^^^^^^^
  File "/home/tnqn/Documents/adaptive-routing-backend/users/serializers.py", line 22, in create
    user = CustomUser.objects.create_user(
           ^^^^^^^^^^^^^^^^^^^^^^^^^^^^^^^
TypeError: UserManager.create_user() missing 1 required positional argument: 'username'
ERROR 2025-06-28 19:41:01,390 basehttp 430912 136269303641792 "POST /api/users/register/ HTTP/1.1" 500 120410
INFO 2025-06-28 19:42:00,404 autoreload 430912 136269654929536 /home/tnqn/Documents/adaptive-routing-backend/users/serializers.py changed, reloading.
INFO 2025-06-28 19:42:01,769 autoreload 432175 135392240128128 Watching for file changes with StatReloader
ERROR 2025-06-28 19:42:06,172 log 432175 135391888799424 Internal Server Error: /api/users/register/
Traceback (most recent call last):
  File "/home/tnqn/Documents/adaptive-routing-backend/venv/lib/python3.12/site-packages/django/core/handlers/exception.py", line 55, in inner
    response = get_response(request)
               ^^^^^^^^^^^^^^^^^^^^^
  File "/home/tnqn/Documents/adaptive-routing-backend/venv/lib/python3.12/site-packages/django/core/handlers/base.py", line 197, in _get_response
    response = wrapped_callback(request, *callback_args, **callback_kwargs)
               ^^^^^^^^^^^^^^^^^^^^^^^^^^^^^^^^^^^^^^^^^^^^^^^^^^^^^^^^^^^^
  File "/home/tnqn/Documents/adaptive-routing-backend/venv/lib/python3.12/site-packages/django/views/decorators/csrf.py", line 65, in _view_wrapper
    return view_func(request, *args, **kwargs)
           ^^^^^^^^^^^^^^^^^^^^^^^^^^^^^^^^^^^
  File "/home/tnqn/Documents/adaptive-routing-backend/venv/lib/python3.12/site-packages/django/views/generic/base.py", line 104, in view
    return self.dispatch(request, *args, **kwargs)
           ^^^^^^^^^^^^^^^^^^^^^^^^^^^^^^^^^^^^^^^
  File "/home/tnqn/Documents/adaptive-routing-backend/venv/lib/python3.12/site-packages/rest_framework/views.py", line 509, in dispatch
    response = self.handle_exception(exc)
               ^^^^^^^^^^^^^^^^^^^^^^^^^^
  File "/home/tnqn/Documents/adaptive-routing-backend/venv/lib/python3.12/site-packages/rest_framework/views.py", line 469, in handle_exception
    self.raise_uncaught_exception(exc)
  File "/home/tnqn/Documents/adaptive-routing-backend/venv/lib/python3.12/site-packages/rest_framework/views.py", line 480, in raise_uncaught_exception
    raise exc
  File "/home/tnqn/Documents/adaptive-routing-backend/venv/lib/python3.12/site-packages/rest_framework/views.py", line 506, in dispatch
    response = handler(request, *args, **kwargs)
               ^^^^^^^^^^^^^^^^^^^^^^^^^^^^^^^^^
  File "/home/tnqn/Documents/adaptive-routing-backend/users/views.py", line 23, in post
    user = serializer.save()
           ^^^^^^^^^^^^^^^^^
  File "/home/tnqn/Documents/adaptive-routing-backend/venv/lib/python3.12/site-packages/rest_framework/serializers.py", line 208, in save
    self.instance = self.create(validated_data)
                    ^^^^^^^^^^^^^^^^^^^^^^^^^^^
  File "/home/tnqn/Documents/adaptive-routing-backend/users/serializers.py", line 22, in create
    user = CustomUser.objects.create_user(
           ^^^^^^^^^^^^^^^^^^^^^^^^^^^^^^^
  File "/home/tnqn/Documents/adaptive-routing-backend/venv/lib/python3.12/site-packages/django/contrib/auth/models.py", line 161, in create_user
    return self._create_user(username, email, password, **extra_fields)
           ^^^^^^^^^^^^^^^^^^^^^^^^^^^^^^^^^^^^^^^^^^^^^^^^^^^^^^^^^^^^
  File "/home/tnqn/Documents/adaptive-routing-backend/venv/lib/python3.12/site-packages/django/contrib/auth/models.py", line 153, in _create_user
    user = self.model(username=username, email=email, **extra_fields)
           ^^^^^^^^^^^^^^^^^^^^^^^^^^^^^^^^^^^^^^^^^^^^^^^^^^^^^^^^^^
  File "/home/tnqn/Documents/adaptive-routing-backend/venv/lib/python3.12/site-packages/django/db/models/base.py", line 567, in __init__
    raise TypeError(
TypeError: CustomUser() got unexpected keyword arguments: 'username'
ERROR 2025-06-28 19:42:06,178 basehttp 432175 135391888799424 "POST /api/users/register/ HTTP/1.1" 500 137567
INFO 2025-06-28 19:42:17,403 autoreload 432175 135392240128128 /home/tnqn/Documents/adaptive-routing-backend/users/serializers.py changed, reloading.
INFO 2025-06-28 19:42:18,575 autoreload 432478 133970405568640 Watching for file changes with StatReloader
ERROR 2025-06-28 19:42:23,240 log 432478 133970054346432 Internal Server Error: /api/users/register/
Traceback (most recent call last):
  File "/home/tnqn/Documents/adaptive-routing-backend/venv/lib/python3.12/site-packages/django/core/handlers/exception.py", line 55, in inner
    response = get_response(request)
               ^^^^^^^^^^^^^^^^^^^^^
  File "/home/tnqn/Documents/adaptive-routing-backend/venv/lib/python3.12/site-packages/django/core/handlers/base.py", line 197, in _get_response
    response = wrapped_callback(request, *callback_args, **callback_kwargs)
               ^^^^^^^^^^^^^^^^^^^^^^^^^^^^^^^^^^^^^^^^^^^^^^^^^^^^^^^^^^^^
  File "/home/tnqn/Documents/adaptive-routing-backend/venv/lib/python3.12/site-packages/django/views/decorators/csrf.py", line 65, in _view_wrapper
    return view_func(request, *args, **kwargs)
           ^^^^^^^^^^^^^^^^^^^^^^^^^^^^^^^^^^^
  File "/home/tnqn/Documents/adaptive-routing-backend/venv/lib/python3.12/site-packages/django/views/generic/base.py", line 104, in view
    return self.dispatch(request, *args, **kwargs)
           ^^^^^^^^^^^^^^^^^^^^^^^^^^^^^^^^^^^^^^^
  File "/home/tnqn/Documents/adaptive-routing-backend/venv/lib/python3.12/site-packages/rest_framework/views.py", line 509, in dispatch
    response = self.handle_exception(exc)
               ^^^^^^^^^^^^^^^^^^^^^^^^^^
  File "/home/tnqn/Documents/adaptive-routing-backend/venv/lib/python3.12/site-packages/rest_framework/views.py", line 469, in handle_exception
    self.raise_uncaught_exception(exc)
  File "/home/tnqn/Documents/adaptive-routing-backend/venv/lib/python3.12/site-packages/rest_framework/views.py", line 480, in raise_uncaught_exception
    raise exc
  File "/home/tnqn/Documents/adaptive-routing-backend/venv/lib/python3.12/site-packages/rest_framework/views.py", line 506, in dispatch
    response = handler(request, *args, **kwargs)
               ^^^^^^^^^^^^^^^^^^^^^^^^^^^^^^^^^
  File "/home/tnqn/Documents/adaptive-routing-backend/users/views.py", line 23, in post
    user = serializer.save()
           ^^^^^^^^^^^^^^^^^
  File "/home/tnqn/Documents/adaptive-routing-backend/venv/lib/python3.12/site-packages/rest_framework/serializers.py", line 208, in save
    self.instance = self.create(validated_data)
                    ^^^^^^^^^^^^^^^^^^^^^^^^^^^
  File "/home/tnqn/Documents/adaptive-routing-backend/users/serializers.py", line 22, in create
    user = CustomUser.objects.create_user(
           ^^^^^^^^^^^^^^^^^^^^^^^^^^^^^^^
TypeError: UserManager.create_user() missing 1 required positional argument: 'username'
ERROR 2025-06-28 19:42:23,244 basehttp 432478 133970054346432 "POST /api/users/register/ HTTP/1.1" 500 120410
INFO 2025-06-28 19:44:51,786 autoreload 432478 133970405568640 /home/tnqn/Documents/adaptive-routing-backend/users/models.py changed, reloading.
INFO 2025-06-28 19:44:53,159 autoreload 434169 129859105845376 Watching for file changes with StatReloader
INFO 2025-06-28 19:45:58,545 autoreload 434169 129859105845376 /home/tnqn/Documents/adaptive-routing-backend/users/serializers.py changed, reloading.
INFO 2025-06-28 19:45:59,534 autoreload 435028 133306745184384 Watching for file changes with StatReloader
WARNING 2025-06-28 19:47:00,191 log 435028 133306389624512 Bad Request: /api/users/register/
WARNING 2025-06-28 19:47:00,192 basehttp 435028 133306389624512 "POST /api/users/register/ HTTP/1.1" 400 80
WARNING 2025-06-28 19:47:22,995 log 435028 133306389624512 Bad Request: /api/users/register/
WARNING 2025-06-28 19:47:22,996 basehttp 435028 133306389624512 "POST /api/users/register/ HTTP/1.1" 400 80
INFO 2025-06-28 19:50:08,634 autoreload 435028 133306745184384 /home/tnqn/Documents/adaptive-routing-backend/core/settings.py changed, reloading.
INFO 2025-06-28 19:50:09,659 autoreload 437946 123362838704256 Watching for file changes with StatReloader
INFO 2025-06-28 19:50:22,305 autoreload 438198 137041309769856 Watching for file changes with StatReloader
INFO 2025-06-28 19:51:11,902 autoreload 438198 137041309769856 /home/tnqn/Documents/adaptive-routing-backend/core/settings.py changed, reloading.
INFO 2025-06-28 19:51:13,216 autoreload 438778 125874411176064 Watching for file changes with StatReloader
INFO 2025-06-28 19:52:21,218 autoreload 438778 125874411176064 /home/tnqn/Documents/adaptive-routing-backend/core/settings.py changed, reloading.
INFO 2025-06-28 19:52:22,340 autoreload 439577 131274019229824 Watching for file changes with StatReloader
INFO 2025-06-28 19:52:48,632 autoreload 439964 137913377505408 Watching for file changes with StatReloader
WARNING 2025-06-28 19:55:57,529 log 439964 137913093322432 Bad Request: /api/users/register/
WARNING 2025-06-28 19:55:57,531 basehttp 439964 137913093322432 "POST /api/users/register/ HTTP/1.1" 400 80
WARNING 2025-06-28 19:56:12,778 log 439964 137913093322432 Bad Request: /api/users/register/
WARNING 2025-06-28 19:56:12,779 basehttp 439964 137913093322432 "POST /api/users/register/ HTTP/1.1" 400 80
WARNING 2025-06-28 19:57:09,408 log 439964 137913093322432 Bad Request: /api/users/register/
WARNING 2025-06-28 19:57:09,410 basehttp 439964 137913093322432 "POST /api/users/register/ HTTP/1.1" 400 80
WARNING 2025-06-28 19:59:18,505 log 439964 137913093322432 Unauthorized: /api/users/login/
WARNING 2025-06-28 19:59:18,507 basehttp 439964 137913093322432 "POST /api/users/login/ HTTP/1.1" 401 63
WARNING 2025-06-28 19:59:27,232 log 439964 137913093322432 Unauthorized: /api/users/login/
WARNING 2025-06-28 19:59:27,233 basehttp 439964 137913093322432 "POST /api/users/login/ HTTP/1.1" 401 63
INFO 2025-06-28 19:59:33,339 basehttp 439964 137913093322432 "POST /api/users/login/ HTTP/1.1" 200 483
INFO 2025-06-28 20:05:24,095 autoreload 439964 137913377505408 /home/tnqn/Documents/adaptive-routing-backend/users/serializers.py changed, reloading.
INFO 2025-06-28 20:05:25,117 autoreload 447672 123509164175488 Watching for file changes with StatReloader
INFO 2025-06-28 20:06:50,162 autoreload 447672 123509164175488 /home/tnqn/Documents/adaptive-routing-backend/core/settings.py changed, reloading.
INFO 2025-06-28 20:06:51,040 autoreload 448578 129283138744448 Watching for file changes with StatReloader
INFO 2025-06-28 20:07:49,787 autoreload 448578 129283138744448 /home/tnqn/Documents/adaptive-routing-backend/users/serializers.py changed, reloading.
INFO 2025-06-28 20:07:50,720 autoreload 449190 131071292498048 Watching for file changes with StatReloader
INFO 2025-06-28 20:10:01,826 autoreload 449190 131071292498048 /home/tnqn/Documents/adaptive-routing-backend/users/serializers.py changed, reloading.
INFO 2025-06-28 20:10:02,776 autoreload 450685 124241412993152 Watching for file changes with StatReloader
INFO 2025-06-28 20:11:20,862 autoreload 450685 124241412993152 /home/tnqn/Documents/adaptive-routing-backend/users/views.py changed, reloading.
INFO 2025-06-28 20:11:22,641 autoreload 451690 132807888679040 Watching for file changes with StatReloader
WARNING 2025-06-28 20:11:40,399 log 451690 132807536932544 Unauthorized: /api/users/register/
WARNING 2025-06-28 20:11:40,403 basehttp 451690 132807536932544 "POST /api/users/register/ HTTP/1.1" 401 58
INFO 2025-06-28 20:12:00,501 autoreload 451690 132807888679040 /home/tnqn/Documents/adaptive-routing-backend/users/views.py changed, reloading.
INFO 2025-06-28 20:12:01,518 autoreload 452242 133381785211008 Watching for file changes with StatReloader
INFO 2025-06-28 20:12:05,639 basehttp 452242 133381501220544 "POST /api/users/register/ HTTP/1.1" 201 163
INFO 2025-06-28 20:12:11,621 basehttp 452242 133381501220544 "POST /api/users/login/ HTTP/1.1" 200 483
INFO 2025-06-28 20:13:24,321 basehttp 452242 133381501220544 "POST /api/users/login/ HTTP/1.1" 200 483
INFO 2025-06-28 20:16:20,394 autoreload 452242 133381785211008 /home/tnqn/Documents/adaptive-routing-backend/users/views.py changed, reloading.
INFO 2025-06-28 20:16:21,679 autoreload 455179 133372464328832 Watching for file changes with StatReloader
INFO 2025-06-28 22:59:42,202 autoreload 554001 129149529817216 Watching for file changes with StatReloader
INFO 2025-06-28 22:59:50,359 basehttp 554001 129149179000512 "OPTIONS /api/users/login/ HTTP/1.1" 200 0
INFO 2025-06-28 22:59:51,532 basehttp 554001 129149179000512 "POST /api/users/login/ HTTP/1.1" 200 483
WARNING 2025-06-28 23:22:45,793 log 554001 129149179000512 Unauthorized: /api/users/login/
WARNING 2025-06-28 23:22:45,794 basehttp 554001 129149179000512 "POST /api/users/login/ HTTP/1.1" 401 63
INFO 2025-06-28 23:22:51,778 basehttp 554001 129149179000512 "POST /api/users/login/ HTTP/1.1" 200 483
INFO 2025-06-28 23:28:18,609 basehttp 554001 129149179000512 "POST /api/users/login/ HTTP/1.1" 200 483
INFO 2025-06-28 23:30:08,970 basehttp 554001 129149179000512 "POST /api/users/login/ HTTP/1.1" 200 483
INFO 2025-06-28 23:37:00,748 basehttp 554001 129149179000512 "OPTIONS /api/users/token/refresh/ HTTP/1.1" 200 0
INFO 2025-06-28 23:37:00,811 basehttp 554001 129149179000512 "POST /api/users/token/refresh/ HTTP/1.1" 200 483
INFO 2025-06-28 23:37:14,683 basehttp 554001 129149179000512 "POST /api/users/token/refresh/ HTTP/1.1" 200 483
INFO 2025-06-28 23:37:26,930 basehttp 554001 129149179000512 "POST /api/users/token/refresh/ HTTP/1.1" 200 483
INFO 2025-06-28 23:44:22,608 basehttp 554001 129149179000512 "POST /api/users/token/refresh/ HTTP/1.1" 200 483
INFO 2025-06-28 23:44:32,269 basehttp 554001 129149179000512 "POST /api/users/token/refresh/ HTTP/1.1" 200 483
INFO 2025-06-28 23:45:37,624 basehttp 554001 129149179000512 "POST /api/users/login/ HTTP/1.1" 200 483
INFO 2025-06-29 00:14:41,823 basehttp 554001 129149179000512 "POST /api/users/token/refresh/ HTTP/1.1" 200 483
INFO 2025-06-29 00:14:54,996 basehttp 554001 129149179000512 "POST /api/users/token/refresh/ HTTP/1.1" 200 483
INFO 2025-06-29 00:24:11,023 basehttp 554001 129149179000512 "POST /api/users/token/refresh/ HTTP/1.1" 200 483
INFO 2025-06-29 00:24:30,635 basehttp 554001 129149179000512 "POST /api/users/token/refresh/ HTTP/1.1" 200 483
INFO 2025-06-29 00:24:40,072 basehttp 554001 129149179000512 "POST /api/users/token/refresh/ HTTP/1.1" 200 483
INFO 2025-06-29 00:26:32,058 basehttp 554001 129149179000512 "POST /api/users/token/refresh/ HTTP/1.1" 200 483
INFO 2025-06-29 00:36:54,921 basehttp 554001 129149179000512 "POST /api/users/token/refresh/ HTTP/1.1" 200 483
INFO 2025-06-29 00:41:15,274 basehttp 554001 129149179000512 "POST /api/users/token/refresh/ HTTP/1.1" 200 483
INFO 2025-06-29 00:41:51,013 basehttp 554001 129149179000512 "POST /api/users/token/refresh/ HTTP/1.1" 200 483
INFO 2025-06-29 00:53:57,258 basehttp 554001 129149179000512 "POST /api/users/token/refresh/ HTTP/1.1" 200 483
INFO 2025-06-29 00:59:28,371 basehttp 554001 129149179000512 "POST /api/users/token/refresh/ HTTP/1.1" 200 483
INFO 2025-06-29 01:08:54,855 basehttp 554001 129149179000512 "POST /api/users/token/refresh/ HTTP/1.1" 200 483
INFO 2025-06-29 01:14:58,041 basehttp 554001 129149179000512 "OPTIONS /api/users/token/refresh/ HTTP/1.1" 200 0
INFO 2025-06-29 01:14:58,062 basehttp 554001 129149179000512 "POST /api/users/token/refresh/ HTTP/1.1" 200 483
INFO 2025-06-29 01:16:49,061 basehttp 554001 129149179000512 "POST /api/users/token/refresh/ HTTP/1.1" 200 483
INFO 2025-06-29 01:17:46,944 basehttp 554001 129149179000512 "POST /api/users/token/refresh/ HTTP/1.1" 200 483
INFO 2025-06-29 01:18:25,509 basehttp 554001 129149179000512 "POST /api/users/token/refresh/ HTTP/1.1" 200 483
INFO 2025-06-29 01:22:55,017 basehttp 554001 129149179000512 "POST /api/users/token/refresh/ HTTP/1.1" 200 483
INFO 2025-06-29 01:24:00,351 basehttp 554001 129149179000512 "POST /api/users/token/refresh/ HTTP/1.1" 200 483
INFO 2025-06-29 01:30:42,495 basehttp 554001 129149179000512 "POST /api/users/token/refresh/ HTTP/1.1" 200 483
INFO 2025-06-29 01:31:23,657 basehttp 554001 129149179000512 "POST /api/users/token/refresh/ HTTP/1.1" 200 483
INFO 2025-06-29 01:36:12,642 basehttp 554001 129149179000512 "POST /api/users/token/refresh/ HTTP/1.1" 200 483
INFO 2025-06-29 01:40:21,892 basehttp 554001 129149179000512 "POST /api/users/token/refresh/ HTTP/1.1" 200 483
INFO 2025-06-29 01:40:51,733 basehttp 554001 129149179000512 "POST /api/users/token/refresh/ HTTP/1.1" 200 483
INFO 2025-06-29 01:41:35,280 basehttp 554001 129149179000512 "POST /api/users/token/refresh/ HTTP/1.1" 200 483
INFO 2025-06-29 01:48:04,214 basehttp 554001 129149179000512 "POST /api/users/token/refresh/ HTTP/1.1" 200 483
INFO 2025-06-29 02:02:06,953 basehttp 554001 129149179000512 "POST /api/users/token/refresh/ HTTP/1.1" 200 483
INFO 2025-06-29 02:07:54,947 autoreload 554001 129149529817216 /home/tnqn/Documents/adaptive-routing-backend/routing/views.py changed, reloading.
INFO 2025-06-29 02:07:57,786 autoreload 632526 124501439881344 Watching for file changes with StatReloader
INFO 2025-06-29 02:09:08,571 autoreload 632526 124501439881344 /home/tnqn/Documents/adaptive-routing-backend/routing/views.py changed, reloading.
INFO 2025-06-29 02:09:09,860 autoreload 633178 131625142354048 Watching for file changes with StatReloader
INFO 2025-06-29 02:09:33,585 autoreload 633178 131625142354048 /home/tnqn/Documents/adaptive-routing-backend/routing/urls.py changed, reloading.
INFO 2025-06-29 02:09:34,584 autoreload 633460 137561865736320 Watching for file changes with StatReloader
INFO 2025-06-29 02:09:52,559 basehttp 633460 137561582335680 "POST /api/users/token/refresh/ HTTP/1.1" 200 483
INFO 2025-06-29 02:17:29,577 basehttp 633460 137561582335680 "OPTIONS /api/users/login/ HTTP/1.1" 200 0
INFO 2025-06-29 02:17:30,432 basehttp 633460 137561582335680 "POST /api/users/login/ HTTP/1.1" 200 483
INFO 2025-06-29 02:34:00,037 basehttp 633460 137561582335680 "POST /api/users/token/refresh/ HTTP/1.1" 200 483
INFO 2025-06-29 02:37:10,454 basehttp 633460 137561582335680 "POST /api/users/token/refresh/ HTTP/1.1" 200 483
INFO 2025-06-29 02:39:02,411 basehttp 633460 137561582335680 "POST /api/users/login/ HTTP/1.1" 200 483
INFO 2025-06-29 02:41:01,438 basehttp 633460 137561582335680 "POST /api/users/token/refresh/ HTTP/1.1" 200 483
INFO 2025-06-29 02:43:30,894 basehttp 633460 137561582335680 "OPTIONS /api/users/token/refresh/ HTTP/1.1" 200 0
INFO 2025-06-29 02:43:30,922 basehttp 633460 137561582335680 "POST /api/users/token/refresh/ HTTP/1.1" 200 483
INFO 2025-06-29 02:52:12,862 basehttp 633460 137561582335680 "POST /api/users/token/refresh/ HTTP/1.1" 200 483
INFO 2025-06-29 03:07:21,968 autoreload 655569 139402492121216 Watching for file changes with StatReloader
INFO 2025-06-29 03:07:40,226 basehttp 655569 139402140448448 "POST /api/users/token/refresh/ HTTP/1.1" 200 483
INFO 2025-06-29 03:38:39,083 basehttp 655569 139402140448448 "POST /api/users/token/refresh/ HTTP/1.1" 200 483
INFO 2025-06-29 06:41:28,691 autoreload 723983 134295731814528 Watching for file changes with StatReloader
INFO 2025-06-29 06:41:46,303 basehttp 723983 134295372953280 "OPTIONS /api/users/token/refresh/ HTTP/1.1" 200 0
INFO 2025-06-29 06:41:46,356 basehttp 723983 134295372953280 "POST /api/users/token/refresh/ HTTP/1.1" 200 483
INFO 2025-06-29 06:44:11,670 basehttp 723983 134295372953280 "POST /api/users/token/refresh/ HTTP/1.1" 200 483
INFO 2025-06-29 07:02:22,030 basehttp 723983 134295372953280 "POST /api/users/token/refresh/ HTTP/1.1" 200 483
INFO 2025-06-29 07:03:17,429 basehttp 723983 134295372953280 "POST /api/users/token/refresh/ HTTP/1.1" 200 483
INFO 2025-06-29 07:05:10,182 basehttp 723983 134295372953280 "POST /api/users/token/refresh/ HTTP/1.1" 200 483
INFO 2025-06-29 07:11:19,702 basehttp 723983 134295372953280 "POST /api/users/token/refresh/ HTTP/1.1" 200 483
INFO 2025-06-29 07:32:13,148 basehttp 723983 134295372953280 "POST /api/users/token/refresh/ HTTP/1.1" 200 483
INFO 2025-06-29 07:42:06,237 basehttp 723983 134295372953280 "POST /api/users/token/refresh/ HTTP/1.1" 200 483
INFO 2025-06-29 07:47:26,967 basehttp 723983 134295372953280 "POST /api/users/token/refresh/ HTTP/1.1" 200 483
INFO 2025-06-29 07:56:47,358 basehttp 723983 134295372953280 "POST /api/users/token/refresh/ HTTP/1.1" 200 483
INFO 2025-06-29 08:12:47,237 basehttp 723983 134295372953280 "POST /api/users/token/refresh/ HTTP/1.1" 200 483
